running egg_info
creating ../../build/deweeder_robot/deweeder_robot.egg-info
writing ../../build/deweeder_robot/deweeder_robot.egg-info/PKG-INFO
writing dependency_links to ../../build/deweeder_robot/deweeder_robot.egg-info/dependency_links.txt
writing entry points to ../../build/deweeder_robot/deweeder_robot.egg-info/entry_points.txt
writing requirements to ../../build/deweeder_robot/deweeder_robot.egg-info/requires.txt
writing top-level names to ../../build/deweeder_robot/deweeder_robot.egg-info/top_level.txt
writing manifest file '../../build/deweeder_robot/deweeder_robot.egg-info/SOURCES.txt'
reading manifest file '../../build/deweeder_robot/deweeder_robot.egg-info/SOURCES.txt'
writing manifest file '../../build/deweeder_robot/deweeder_robot.egg-info/SOURCES.txt'
running build
running build_py
creating /home/rosh/deweeder_ws/build/deweeder_robot/build
creating /home/rosh/deweeder_ws/build/deweeder_robot/build/lib
creating /home/rosh/deweeder_ws/build/deweeder_robot/build/lib/deweeder_robot
copying deweeder_robot/weed_detector.py -> /home/rosh/deweeder_ws/build/deweeder_robot/build/lib/deweeder_robot
copying deweeder_robot/arm_controller.py -> /home/rosh/deweeder_ws/build/deweeder_robot/build/lib/deweeder_robot
running install
running install_lib
creating /home/rosh/deweeder_ws/install/deweeder_robot/lib/python3.12/site-packages/deweeder_robot
copying /home/rosh/deweeder_ws/build/deweeder_robot/build/lib/deweeder_robot/weed_detector.py -> /home/rosh/deweeder_ws/install/deweeder_robot/lib/python3.12/site-packages/deweeder_robot
copying /home/rosh/deweeder_ws/build/deweeder_robot/build/lib/deweeder_robot/arm_controller.py -> /home/rosh/deweeder_ws/install/deweeder_robot/lib/python3.12/site-packages/deweeder_robot
byte-compiling /home/rosh/deweeder_ws/install/deweeder_robot/lib/python3.12/site-packages/deweeder_robot/weed_detector.py to weed_detector.cpython-312.pyc
byte-compiling /home/rosh/deweeder_ws/install/deweeder_robot/lib/python3.12/site-packages/deweeder_robot/arm_controller.py to arm_controller.cpython-312.pyc
running install_data
creating /home/rosh/deweeder_ws/install/deweeder_robot/share/ament_index
creating /home/rosh/deweeder_ws/install/deweeder_robot/share/ament_index/resource_index
creating /home/rosh/deweeder_ws/install/deweeder_robot/share/ament_index/resource_index/packages
copying resource/deweeder_robot -> /home/rosh/deweeder_ws/install/deweeder_robot/share/ament_index/resource_index/packages
copying package.xml -> /home/rosh/deweeder_ws/install/deweeder_robot/share/deweeder_robot
creating /home/rosh/deweeder_ws/install/deweeder_robot/share/deweeder_robot/urdf
copying urdf/deweeder_robot.urdf -> /home/rosh/deweeder_ws/install/deweeder_robot/share/deweeder_robot/urdf
creating /home/rosh/deweeder_ws/install/deweeder_robot/share/deweeder_robot/worlds
copying worlds/crop_field.world -> /home/rosh/deweeder_ws/install/deweeder_robot/share/deweeder_robot/worlds
creating /home/rosh/deweeder_ws/install/deweeder_robot/share/deweeder_robot/config
copying config/controllers.yaml -> /home/rosh/deweeder_ws/install/deweeder_robot/share/deweeder_robot/config
creating /home/rosh/deweeder_ws/install/deweeder_robot/share/deweeder_robot/launch
copying launch/deweeder_gazebo.launch.py -> /home/rosh/deweeder_ws/install/deweeder_robot/share/deweeder_robot/launch
running install_egg_info
Copying ../../build/deweeder_robot/deweeder_robot.egg-info to /home/rosh/deweeder_ws/install/deweeder_robot/lib/python3.12/site-packages/deweeder_robot-0.0.0-py3.12.egg-info
running install_scripts
Installing arm_controller script to /home/rosh/deweeder_ws/install/deweeder_robot/bin
Installing weed_detector script to /home/rosh/deweeder_ws/install/deweeder_robot/bin
writing list of installed files to '/home/rosh/deweeder_ws/build/deweeder_robot/install.log'
