running egg_info
writing ../../build/deweeder_robot/deweeder_robot.egg-info/PKG-INFO
writing dependency_links to ../../build/deweeder_robot/deweeder_robot.egg-info/dependency_links.txt
writing entry points to ../../build/deweeder_robot/deweeder_robot.egg-info/entry_points.txt
writing requirements to ../../build/deweeder_robot/deweeder_robot.egg-info/requires.txt
writing top-level names to ../../build/deweeder_robot/deweeder_robot.egg-info/top_level.txt
reading manifest file '../../build/deweeder_robot/deweeder_robot.egg-info/SOURCES.txt'
writing manifest file '../../build/deweeder_robot/deweeder_robot.egg-info/SOURCES.txt'
running build
running build_py
running install
running install_lib
running install_data
copying worlds/crop_field.world -> /home/rosh/deweeder_ws/install/deweeder_robot/share/deweeder_robot/worlds
running install_egg_info
removing '/home/rosh/deweeder_ws/install/deweeder_robot/lib/python3.12/site-packages/deweeder_robot-0.0.0-py3.12.egg-info' (and everything under it)
Copying ../../build/deweeder_robot/deweeder_robot.egg-info to /home/rosh/deweeder_ws/install/deweeder_robot/lib/python3.12/site-packages/deweeder_robot-0.0.0-py3.12.egg-info
running install_scripts
Installing arm_controller script to /home/rosh/deweeder_ws/install/deweeder_robot/bin
Installing weed_detector script to /home/rosh/deweeder_ws/install/deweeder_robot/bin
writing list of installed files to '/home/rosh/deweeder_ws/build/deweeder_robot/install.log'
