[1.502s] Invoking command in '/home/rosh/deweeder_ws/src/deweeder_robot': DEBUGINFOD_URLS=https://debuginfod.ubuntu.com PYTHONPATH=/home/rosh/deweeder_ws/build/deweeder_robot/prefix_override:/usr/lib/python3/dist-packages/colcon_core/task/python/colcon_distutils_commands:/home/rosh/deweeder_ws/install/deweeder_robot/lib/python3.12/site-packages:${PYTHONPATH} /usr/bin/python3 -W ignore:setup.py install is deprecated -W ignore:easy_install command is deprecated setup.py egg_info --egg-base ../../build/deweeder_robot build --build-base /home/rosh/deweeder_ws/build/deweeder_robot/build install --record /home/rosh/deweeder_ws/build/deweeder_robot/install.log --single-version-externally-managed install_data
[1.973s] running egg_info
[2.016s] writing ../../build/deweeder_robot/deweeder_robot.egg-info/PKG-INFO
[2.017s] writing dependency_links to ../../build/deweeder_robot/deweeder_robot.egg-info/dependency_links.txt
[2.017s] writing entry points to ../../build/deweeder_robot/deweeder_robot.egg-info/entry_points.txt
[2.018s] writing requirements to ../../build/deweeder_robot/deweeder_robot.egg-info/requires.txt
[2.018s] writing top-level names to ../../build/deweeder_robot/deweeder_robot.egg-info/top_level.txt
[2.072s] reading manifest file '../../build/deweeder_robot/deweeder_robot.egg-info/SOURCES.txt'
[2.073s] writing manifest file '../../build/deweeder_robot/deweeder_robot.egg-info/SOURCES.txt'
[2.073s] running build
[2.073s] running build_py
[2.074s] running install
[2.085s] running install_lib
[2.121s] running install_data
[2.122s] copying worlds/crop_field.world -> /home/rosh/deweeder_ws/install/deweeder_robot/share/deweeder_robot/worlds
[2.122s] running install_egg_info
[2.150s] removing '/home/rosh/deweeder_ws/install/deweeder_robot/lib/python3.12/site-packages/deweeder_robot-0.0.0-py3.12.egg-info' (and everything under it)
[2.151s] Copying ../../build/deweeder_robot/deweeder_robot.egg-info to /home/rosh/deweeder_ws/install/deweeder_robot/lib/python3.12/site-packages/deweeder_robot-0.0.0-py3.12.egg-info
[2.153s] running install_scripts
[2.417s] Installing arm_controller script to /home/rosh/deweeder_ws/install/deweeder_robot/bin
[2.418s] Installing weed_detector script to /home/rosh/deweeder_ws/install/deweeder_robot/bin
[2.419s] writing list of installed files to '/home/rosh/deweeder_ws/build/deweeder_robot/install.log'
[2.458s] Invoked command in '/home/rosh/deweeder_ws/src/deweeder_robot' returned '0': DEBUGINFOD_URLS=https://debuginfod.ubuntu.com PYTHONPATH=/home/rosh/deweeder_ws/build/deweeder_robot/prefix_override:/usr/lib/python3/dist-packages/colcon_core/task/python/colcon_distutils_commands:/home/rosh/deweeder_ws/install/deweeder_robot/lib/python3.12/site-packages:${PYTHONPATH} /usr/bin/python3 -W ignore:setup.py install is deprecated -W ignore:easy_install command is deprecated setup.py egg_info --egg-base ../../build/deweeder_robot build --build-base /home/rosh/deweeder_ws/build/deweeder_robot/build install --record /home/rosh/deweeder_ws/build/deweeder_robot/install.log --single-version-externally-managed install_data
