[2.637s] Invoking command in '/home/rosh/deweeder_ws/src/deweeder_robot': DEBUGINFOD_URLS=https://debuginfod.ubuntu.com PYTHONPATH=/home/rosh/deweeder_ws/build/deweeder_robot/prefix_override:/usr/lib/python3/dist-packages/colcon_core/task/python/colcon_distutils_commands:/home/rosh/deweeder_ws/install/deweeder_robot/lib/python3.12/site-packages:${PYTHONPATH} /usr/bin/python3 -W ignore:setup.py install is deprecated -W ignore:easy_install command is deprecated setup.py egg_info --egg-base ../../build/deweeder_robot build --build-base /home/rosh/deweeder_ws/build/deweeder_robot/build install --record /home/rosh/deweeder_ws/build/deweeder_robot/install.log --single-version-externally-managed install_data
[3.292s] running egg_info
[3.333s] writing ../../build/deweeder_robot/deweeder_robot.egg-info/PKG-INFO
[3.334s] writing dependency_links to ../../build/deweeder_robot/deweeder_robot.egg-info/dependency_links.txt
[3.335s] writing entry points to ../../build/deweeder_robot/deweeder_robot.egg-info/entry_points.txt
[3.336s] writing requirements to ../../build/deweeder_robot/deweeder_robot.egg-info/requires.txt
[3.338s] writing top-level names to ../../build/deweeder_robot/deweeder_robot.egg-info/top_level.txt
[3.422s] reading manifest file '../../build/deweeder_robot/deweeder_robot.egg-info/SOURCES.txt'
[3.424s] writing manifest file '../../build/deweeder_robot/deweeder_robot.egg-info/SOURCES.txt'
[3.425s] running build
[3.426s] running build_py
[3.427s] running install
[3.437s] running install_lib
[3.484s] running install_data
[3.485s] copying worlds/crop_field.world -> /home/rosh/deweeder_ws/install/deweeder_robot/share/deweeder_robot/worlds
[3.486s] running install_egg_info
[3.531s] removing '/home/rosh/deweeder_ws/install/deweeder_robot/lib/python3.12/site-packages/deweeder_robot-0.0.0-py3.12.egg-info' (and everything under it)
[3.532s] Copying ../../build/deweeder_robot/deweeder_robot.egg-info to /home/rosh/deweeder_ws/install/deweeder_robot/lib/python3.12/site-packages/deweeder_robot-0.0.0-py3.12.egg-info
[3.538s] running install_scripts
[3.938s] Installing arm_controller script to /home/rosh/deweeder_ws/install/deweeder_robot/bin
[3.940s] Installing weed_detector script to /home/rosh/deweeder_ws/install/deweeder_robot/bin
[3.941s] writing list of installed files to '/home/rosh/deweeder_ws/build/deweeder_robot/install.log'
[3.987s] Invoked command in '/home/rosh/deweeder_ws/src/deweeder_robot' returned '0': DEBUGINFOD_URLS=https://debuginfod.ubuntu.com PYTHONPATH=/home/rosh/deweeder_ws/build/deweeder_robot/prefix_override:/usr/lib/python3/dist-packages/colcon_core/task/python/colcon_distutils_commands:/home/rosh/deweeder_ws/install/deweeder_robot/lib/python3.12/site-packages:${PYTHONPATH} /usr/bin/python3 -W ignore:setup.py install is deprecated -W ignore:easy_install command is deprecated setup.py egg_info --egg-base ../../build/deweeder_robot build --build-base /home/rosh/deweeder_ws/build/deweeder_robot/build install --record /home/rosh/deweeder_ws/build/deweeder_robot/install.log --single-version-externally-managed install_data
