[3.469s] Invoking command in '/home/rosh/deweeder_ws/src/deweeder_robot': DEBUGINFOD_URLS=https://debuginfod.ubuntu.com PYTHONPATH=/home/rosh/deweeder_ws/build/deweeder_robot/prefix_override:/usr/lib/python3/dist-packages/colcon_core/task/python/colcon_distutils_commands:/home/rosh/deweeder_ws/install/deweeder_robot/lib/python3.12/site-packages:${PYTHONPATH} /usr/bin/python3 -W ignore:setup.py install is deprecated -W ignore:easy_install command is deprecated setup.py egg_info --egg-base ../../build/deweeder_robot build --build-base /home/rosh/deweeder_ws/build/deweeder_robot/build install --record /home/rosh/deweeder_ws/build/deweeder_robot/install.log --single-version-externally-managed install_data
[4.304s] running egg_info
[4.374s] writing ../../build/deweeder_robot/deweeder_robot.egg-info/PKG-INFO
[4.377s] writing dependency_links to ../../build/deweeder_robot/deweeder_robot.egg-info/dependency_links.txt
[4.378s] writing entry points to ../../build/deweeder_robot/deweeder_robot.egg-info/entry_points.txt
[4.380s] writing requirements to ../../build/deweeder_robot/deweeder_robot.egg-info/requires.txt
[4.381s] writing top-level names to ../../build/deweeder_robot/deweeder_robot.egg-info/top_level.txt
[4.490s] reading manifest file '../../build/deweeder_robot/deweeder_robot.egg-info/SOURCES.txt'
[4.494s] writing manifest file '../../build/deweeder_robot/deweeder_robot.egg-info/SOURCES.txt'
[4.495s] running build
[4.497s] running build_py
[4.499s] running install
[4.507s] running install_lib
[4.588s] running install_data
[4.589s] copying worlds/crop_field.world -> /home/rosh/deweeder_ws/install/deweeder_robot/share/deweeder_robot/worlds
[4.593s] running install_egg_info
[4.661s] removing '/home/rosh/deweeder_ws/install/deweeder_robot/lib/python3.12/site-packages/deweeder_robot-0.0.0-py3.12.egg-info' (and everything under it)
[4.667s] Copying ../../build/deweeder_robot/deweeder_robot.egg-info to /home/rosh/deweeder_ws/install/deweeder_robot/lib/python3.12/site-packages/deweeder_robot-0.0.0-py3.12.egg-info
[4.672s] running install_scripts
[5.147s] Installing arm_controller script to /home/rosh/deweeder_ws/install/deweeder_robot/bin
[5.151s] Installing weed_detector script to /home/rosh/deweeder_ws/install/deweeder_robot/bin
[5.152s] writing list of installed files to '/home/rosh/deweeder_ws/build/deweeder_robot/install.log'
[5.208s] Invoked command in '/home/rosh/deweeder_ws/src/deweeder_robot' returned '0': DEBUGINFOD_URLS=https://debuginfod.ubuntu.com PYTHONPATH=/home/rosh/deweeder_ws/build/deweeder_robot/prefix_override:/usr/lib/python3/dist-packages/colcon_core/task/python/colcon_distutils_commands:/home/rosh/deweeder_ws/install/deweeder_robot/lib/python3.12/site-packages:${PYTHONPATH} /usr/bin/python3 -W ignore:setup.py install is deprecated -W ignore:easy_install command is deprecated setup.py egg_info --egg-base ../../build/deweeder_robot build --build-base /home/rosh/deweeder_ws/build/deweeder_robot/build install --record /home/rosh/deweeder_ws/build/deweeder_robot/install.log --single-version-externally-managed install_data
