[0.871s] DEBUG:colcon:Command line arguments: ['/usr/bin/colcon', 'build', '--packages-select', 'deweeder_robot']
[0.871s] DEBUG:colcon:Parsed command line arguments: Namespace(log_base=None, log_level=None, verb_name='build', build_base='build', install_base='install', merge_install=False, symlink_install=False, test_result_base=None, continue_on_error=False, executor='parallel', parallel_workers=8, event_handlers=None, ignore_user_meta=False, metas=['./colcon.meta'], base_paths=['.'], packages_ignore=None, packages_ignore_regex=None, paths=None, packages_up_to=None, packages_up_to_regex=None, packages_above=None, packages_above_and_dependencies=None, packages_above_depth=None, packages_select_by_dep=None, packages_skip_by_dep=None, packages_skip_up_to=None, packages_select_build_failed=False, packages_skip_build_finished=False, packages_select_test_failures=False, packages_skip_test_passed=False, packages_select=['deweeder_robot'], packages_skip=None, packages_select_regex=None, packages_skip_regex=None, packages_start=None, packages_end=None, allow_overriding=[], cmake_args=None, cmake_target=None, cmake_target_skip_unavailable=False, cmake_clean_cache=False, cmake_clean_first=False, cmake_force_configure=False, ament_cmake_args=None, catkin_cmake_args=None, catkin_skip_building_tests=False, mixin_files=None, mixin=None, verb_parser=<colcon_mixin.mixin.mixin_argument.MixinArgumentDecorator object at 0x7783caf35010>, verb_extension=<colcon_core.verb.build.BuildVerb object at 0x7783caf34d10>, main=<bound method BuildVerb.main of <colcon_core.verb.build.BuildVerb object at 0x7783caf34d10>>, mixin_verb=('build',))
[1.096s] Level 1:colcon.colcon_core.package_discovery:discover_packages(colcon_meta) check parameters
[1.096s] Level 1:colcon.colcon_core.package_discovery:discover_packages(recursive) check parameters
[1.097s] Level 1:colcon.colcon_core.package_discovery:discover_packages(ignore) check parameters
[1.097s] Level 1:colcon.colcon_core.package_discovery:discover_packages(path) check parameters
[1.097s] Level 1:colcon.colcon_core.package_discovery:discover_packages(colcon_meta) discover
[1.097s] Level 1:colcon.colcon_core.package_discovery:discover_packages(recursive) discover
[1.097s] INFO:colcon.colcon_core.package_discovery:Crawling recursively for packages in '/home/rosh/deweeder_ws'
[1.098s] Level 1:colcon.colcon_core.package_identification:_identify(.) by extensions ['ignore', 'ignore_ament_install']
[1.098s] Level 1:colcon.colcon_core.package_identification:_identify(.) by extension 'ignore'
[1.098s] Level 1:colcon.colcon_core.package_identification:_identify(.) by extension 'ignore_ament_install'
[1.098s] Level 1:colcon.colcon_core.package_identification:_identify(.) by extensions ['colcon_pkg']
[1.098s] Level 1:colcon.colcon_core.package_identification:_identify(.) by extension 'colcon_pkg'
[1.098s] Level 1:colcon.colcon_core.package_identification:_identify(.) by extensions ['colcon_meta']
[1.098s] Level 1:colcon.colcon_core.package_identification:_identify(.) by extension 'colcon_meta'
[1.098s] Level 1:colcon.colcon_core.package_identification:_identify(.) by extensions ['ros']
[1.099s] Level 1:colcon.colcon_core.package_identification:_identify(.) by extension 'ros'
[1.255s] Level 1:colcon.colcon_core.package_identification:_identify(.) by extensions ['cmake', 'python']
[1.255s] Level 1:colcon.colcon_core.package_identification:_identify(.) by extension 'cmake'
[1.255s] Level 1:colcon.colcon_core.package_identification:_identify(.) by extension 'python'
[1.256s] Level 1:colcon.colcon_core.package_identification:_identify(.) by extensions ['python_setup_py']
[1.256s] Level 1:colcon.colcon_core.package_identification:_identify(.) by extension 'python_setup_py'
[1.257s] Level 1:colcon.colcon_core.package_identification:_identify(build) by extensions ['ignore', 'ignore_ament_install']
[1.257s] Level 1:colcon.colcon_core.package_identification:_identify(build) by extension 'ignore'
[1.257s] Level 1:colcon.colcon_core.package_identification:_identify(build) ignored
[1.258s] Level 1:colcon.colcon_core.package_identification:_identify(install) by extensions ['ignore', 'ignore_ament_install']
[1.258s] Level 1:colcon.colcon_core.package_identification:_identify(install) by extension 'ignore'
[1.258s] Level 1:colcon.colcon_core.package_identification:_identify(install) ignored
[1.258s] Level 1:colcon.colcon_core.package_identification:_identify(log) by extensions ['ignore', 'ignore_ament_install']
[1.259s] Level 1:colcon.colcon_core.package_identification:_identify(log) by extension 'ignore'
[1.259s] Level 1:colcon.colcon_core.package_identification:_identify(log) ignored
[1.259s] Level 1:colcon.colcon_core.package_identification:_identify(src) by extensions ['ignore', 'ignore_ament_install']
[1.259s] Level 1:colcon.colcon_core.package_identification:_identify(src) by extension 'ignore'
[1.260s] Level 1:colcon.colcon_core.package_identification:_identify(src) by extension 'ignore_ament_install'
[1.260s] Level 1:colcon.colcon_core.package_identification:_identify(src) by extensions ['colcon_pkg']
[1.260s] Level 1:colcon.colcon_core.package_identification:_identify(src) by extension 'colcon_pkg'
[1.260s] Level 1:colcon.colcon_core.package_identification:_identify(src) by extensions ['colcon_meta']
[1.260s] Level 1:colcon.colcon_core.package_identification:_identify(src) by extension 'colcon_meta'
[1.261s] Level 1:colcon.colcon_core.package_identification:_identify(src) by extensions ['ros']
[1.261s] Level 1:colcon.colcon_core.package_identification:_identify(src) by extension 'ros'
[1.262s] Level 1:colcon.colcon_core.package_identification:_identify(src) by extensions ['cmake', 'python']
[1.262s] Level 1:colcon.colcon_core.package_identification:_identify(src) by extension 'cmake'
[1.262s] Level 1:colcon.colcon_core.package_identification:_identify(src) by extension 'python'
[1.262s] Level 1:colcon.colcon_core.package_identification:_identify(src) by extensions ['python_setup_py']
[1.263s] Level 1:colcon.colcon_core.package_identification:_identify(src) by extension 'python_setup_py'
[1.263s] Level 1:colcon.colcon_core.package_identification:_identify(src/deweeder_robot) by extensions ['ignore', 'ignore_ament_install']
[1.263s] Level 1:colcon.colcon_core.package_identification:_identify(src/deweeder_robot) by extension 'ignore'
[1.263s] Level 1:colcon.colcon_core.package_identification:_identify(src/deweeder_robot) by extension 'ignore_ament_install'
[1.264s] Level 1:colcon.colcon_core.package_identification:_identify(src/deweeder_robot) by extensions ['colcon_pkg']
[1.264s] Level 1:colcon.colcon_core.package_identification:_identify(src/deweeder_robot) by extension 'colcon_pkg'
[1.264s] Level 1:colcon.colcon_core.package_identification:_identify(src/deweeder_robot) by extensions ['colcon_meta']
[1.264s] Level 1:colcon.colcon_core.package_identification:_identify(src/deweeder_robot) by extension 'colcon_meta'
[1.264s] Level 1:colcon.colcon_core.package_identification:_identify(src/deweeder_robot) by extensions ['ros']
[1.264s] Level 1:colcon.colcon_core.package_identification:_identify(src/deweeder_robot) by extension 'ros'
[1.272s] DEBUG:colcon.colcon_core.package_identification:Package 'src/deweeder_robot' with type 'ros.ament_python' and name 'deweeder_robot'
[1.272s] Level 1:colcon.colcon_core.package_discovery:discover_packages(recursive) using defaults
[1.272s] Level 1:colcon.colcon_core.package_discovery:discover_packages(ignore) discover
[1.273s] Level 1:colcon.colcon_core.package_discovery:discover_packages(ignore) using defaults
[1.273s] Level 1:colcon.colcon_core.package_discovery:discover_packages(path) discover
[1.273s] Level 1:colcon.colcon_core.package_discovery:discover_packages(path) using defaults
[1.363s] Level 1:colcon.colcon_core.package_discovery:discover_packages(prefix_path) check parameters
[1.363s] Level 1:colcon.colcon_core.package_discovery:discover_packages(prefix_path) discover
[1.381s] DEBUG:colcon.colcon_installed_package_information.package_discovery:Found 1 installed packages in /home/rosh/deweeder_ws/install
[1.382s] Level 1:colcon.colcon_core.package_discovery:discover_packages(prefix_path) using defaults
[1.388s] Level 5:colcon.colcon_core.verb:set package 'deweeder_robot' build argument 'cmake_args' from command line to 'None'
[1.388s] Level 5:colcon.colcon_core.verb:set package 'deweeder_robot' build argument 'cmake_target' from command line to 'None'
[1.389s] Level 5:colcon.colcon_core.verb:set package 'deweeder_robot' build argument 'cmake_target_skip_unavailable' from command line to 'False'
[1.389s] Level 5:colcon.colcon_core.verb:set package 'deweeder_robot' build argument 'cmake_clean_cache' from command line to 'False'
[1.389s] Level 5:colcon.colcon_core.verb:set package 'deweeder_robot' build argument 'cmake_clean_first' from command line to 'False'
[1.389s] Level 5:colcon.colcon_core.verb:set package 'deweeder_robot' build argument 'cmake_force_configure' from command line to 'False'
[1.389s] Level 5:colcon.colcon_core.verb:set package 'deweeder_robot' build argument 'ament_cmake_args' from command line to 'None'
[1.389s] Level 5:colcon.colcon_core.verb:set package 'deweeder_robot' build argument 'catkin_cmake_args' from command line to 'None'
[1.389s] Level 5:colcon.colcon_core.verb:set package 'deweeder_robot' build argument 'catkin_skip_building_tests' from command line to 'False'
[1.390s] DEBUG:colcon.colcon_core.verb:Building package 'deweeder_robot' with the following arguments: {'ament_cmake_args': None, 'build_base': '/home/rosh/deweeder_ws/build/deweeder_robot', 'catkin_cmake_args': None, 'catkin_skip_building_tests': False, 'cmake_args': None, 'cmake_clean_cache': False, 'cmake_clean_first': False, 'cmake_force_configure': False, 'cmake_target': None, 'cmake_target_skip_unavailable': False, 'install_base': '/home/rosh/deweeder_ws/install/deweeder_robot', 'merge_install': False, 'path': '/home/rosh/deweeder_ws/src/deweeder_robot', 'symlink_install': False, 'test_result_base': None}
[1.390s] INFO:colcon.colcon_core.executor:Executing jobs using 'parallel' executor
[1.393s] DEBUG:colcon.colcon_parallel_executor.executor.parallel:run_until_complete
[1.393s] INFO:colcon.colcon_ros.task.ament_python.build:Building ROS package in '/home/rosh/deweeder_ws/src/deweeder_robot' with build type 'ament_python'
[1.394s] Level 1:colcon.colcon_core.shell:create_environment_hook('deweeder_robot', 'ament_prefix_path')
[1.409s] INFO:colcon.colcon_core.plugin_system:Skipping extension 'colcon_core.shell.bat': Not used on non-Windows systems
[1.409s] INFO:colcon.colcon_core.shell:Creating environment hook '/home/rosh/deweeder_ws/install/deweeder_robot/share/deweeder_robot/hook/ament_prefix_path.ps1'
[1.413s] INFO:colcon.colcon_core.shell:Creating environment descriptor '/home/rosh/deweeder_ws/install/deweeder_robot/share/deweeder_robot/hook/ament_prefix_path.dsv'
[1.416s] INFO:colcon.colcon_core.shell:Creating environment hook '/home/rosh/deweeder_ws/install/deweeder_robot/share/deweeder_robot/hook/ament_prefix_path.sh'
[1.419s] INFO:colcon.colcon_core.shell:Skip shell extension 'powershell' for command environment: Not usable outside of PowerShell
[1.419s] DEBUG:colcon.colcon_core.shell:Skip shell extension 'dsv' for command environment
[1.956s] INFO:colcon.colcon_core.task.python.build:Building Python package in '/home/rosh/deweeder_ws/src/deweeder_robot'
[1.956s] INFO:colcon.colcon_core.shell:Skip shell extension 'powershell' for command environment: Not usable outside of PowerShell
[1.956s] DEBUG:colcon.colcon_core.shell:Skip shell extension 'dsv' for command environment
[4.865s] DEBUG:colcon.colcon_core.event_handler.log_command:Invoking command in '/home/rosh/deweeder_ws/src/deweeder_robot': DEBUGINFOD_URLS=https://debuginfod.ubuntu.com PYTHONPATH=/home/rosh/deweeder_ws/build/deweeder_robot/prefix_override:/usr/lib/python3/dist-packages/colcon_core/task/python/colcon_distutils_commands:/home/rosh/deweeder_ws/install/deweeder_robot/lib/python3.12/site-packages:${PYTHONPATH} /usr/bin/python3 -W ignore:setup.py install is deprecated -W ignore:easy_install command is deprecated setup.py egg_info --egg-base ../../build/deweeder_robot build --build-base /home/rosh/deweeder_ws/build/deweeder_robot/build install --record /home/rosh/deweeder_ws/build/deweeder_robot/install.log --single-version-externally-managed install_data
[6.604s] DEBUG:colcon.colcon_core.event_handler.log_command:Invoked command in '/home/rosh/deweeder_ws/src/deweeder_robot' returned '0': DEBUGINFOD_URLS=https://debuginfod.ubuntu.com PYTHONPATH=/home/rosh/deweeder_ws/build/deweeder_robot/prefix_override:/usr/lib/python3/dist-packages/colcon_core/task/python/colcon_distutils_commands:/home/rosh/deweeder_ws/install/deweeder_robot/lib/python3.12/site-packages:${PYTHONPATH} /usr/bin/python3 -W ignore:setup.py install is deprecated -W ignore:easy_install command is deprecated setup.py egg_info --egg-base ../../build/deweeder_robot build --build-base /home/rosh/deweeder_ws/build/deweeder_robot/build install --record /home/rosh/deweeder_ws/build/deweeder_robot/install.log --single-version-externally-managed install_data
[6.622s] Level 1:colcon.colcon_core.environment:checking '/home/rosh/deweeder_ws/install/deweeder_robot' for CMake module files
[6.625s] Level 1:colcon.colcon_core.environment:checking '/home/rosh/deweeder_ws/install/deweeder_robot' for CMake config files
[6.635s] Level 1:colcon.colcon_core.environment:checking '/home/rosh/deweeder_ws/install/deweeder_robot/lib'
[6.635s] Level 1:colcon.colcon_core.environment:checking '/home/rosh/deweeder_ws/install/deweeder_robot/bin'
[6.636s] Level 1:colcon.colcon_core.shell:create_environment_hook('deweeder_robot', 'path')
[6.636s] INFO:colcon.colcon_core.shell:Creating environment hook '/home/rosh/deweeder_ws/install/deweeder_robot/share/deweeder_robot/hook/path.ps1'
[6.639s] INFO:colcon.colcon_core.shell:Creating environment descriptor '/home/rosh/deweeder_ws/install/deweeder_robot/share/deweeder_robot/hook/path.dsv'
[6.641s] INFO:colcon.colcon_core.shell:Creating environment hook '/home/rosh/deweeder_ws/install/deweeder_robot/share/deweeder_robot/hook/path.sh'
[6.643s] Level 1:colcon.colcon_core.environment:checking '/home/rosh/deweeder_ws/install/deweeder_robot/lib/pkgconfig/deweeder_robot.pc'
[6.644s] Level 1:colcon.colcon_core.environment:checking '/home/rosh/deweeder_ws/install/deweeder_robot/lib/python3.12/site-packages'
[6.644s] Level 1:colcon.colcon_core.shell:create_environment_hook('deweeder_robot', 'pythonpath')
[6.645s] INFO:colcon.colcon_core.shell:Creating environment hook '/home/rosh/deweeder_ws/install/deweeder_robot/share/deweeder_robot/hook/pythonpath.ps1'
[6.646s] INFO:colcon.colcon_core.shell:Creating environment descriptor '/home/rosh/deweeder_ws/install/deweeder_robot/share/deweeder_robot/hook/pythonpath.dsv'
[6.648s] INFO:colcon.colcon_core.shell:Creating environment hook '/home/rosh/deweeder_ws/install/deweeder_robot/share/deweeder_robot/hook/pythonpath.sh'
[6.651s] Level 1:colcon.colcon_core.environment:checking '/home/rosh/deweeder_ws/install/deweeder_robot/bin'
[6.651s] Level 1:colcon.colcon_core.shell:create_environment_hook('deweeder_robot', 'pythonscriptspath')
[6.652s] INFO:colcon.colcon_core.shell:Creating environment hook '/home/rosh/deweeder_ws/install/deweeder_robot/share/deweeder_robot/hook/pythonscriptspath.ps1'
[6.653s] INFO:colcon.colcon_core.shell:Creating environment descriptor '/home/rosh/deweeder_ws/install/deweeder_robot/share/deweeder_robot/hook/pythonscriptspath.dsv'
[6.655s] INFO:colcon.colcon_core.shell:Creating environment hook '/home/rosh/deweeder_ws/install/deweeder_robot/share/deweeder_robot/hook/pythonscriptspath.sh'
[6.657s] Level 1:colcon.colcon_core.environment:create_environment_scripts_only(deweeder_robot)
[6.657s] INFO:colcon.colcon_core.shell:Creating package script '/home/rosh/deweeder_ws/install/deweeder_robot/share/deweeder_robot/package.ps1'
[6.662s] INFO:colcon.colcon_core.shell:Creating package descriptor '/home/rosh/deweeder_ws/install/deweeder_robot/share/deweeder_robot/package.dsv'
[6.665s] INFO:colcon.colcon_core.shell:Creating package script '/home/rosh/deweeder_ws/install/deweeder_robot/share/deweeder_robot/package.sh'
[6.667s] INFO:colcon.colcon_core.shell:Creating package script '/home/rosh/deweeder_ws/install/deweeder_robot/share/deweeder_robot/package.bash'
[6.669s] INFO:colcon.colcon_core.shell:Creating package script '/home/rosh/deweeder_ws/install/deweeder_robot/share/deweeder_robot/package.zsh'
[6.672s] Level 1:colcon.colcon_core.environment:create_file_with_runtime_dependencies(/home/rosh/deweeder_ws/install/deweeder_robot/share/colcon-core/packages/deweeder_robot)
[6.674s] DEBUG:colcon.colcon_parallel_executor.executor.parallel:closing loop
[6.674s] DEBUG:colcon.colcon_parallel_executor.executor.parallel:loop closed
[6.675s] DEBUG:colcon.colcon_parallel_executor.executor.parallel:run_until_complete finished with '0'
[6.675s] DEBUG:colcon.colcon_core.event_reactor:joining thread
[6.717s] INFO:colcon.colcon_core.plugin_system:Skipping extension 'colcon_notification.desktop_notification.terminal_notifier': Not used on non-Darwin systems
[6.717s] INFO:colcon.colcon_core.plugin_system:Skipping extension 'colcon_notification.desktop_notification.win32': Not used on non-Windows systems
[6.717s] INFO:colcon.colcon_notification.desktop_notification:Sending desktop notification using 'notify2'
[6.844s] DEBUG:colcon.colcon_core.event_reactor:joined thread
[6.845s] INFO:colcon.colcon_core.shell:Creating prefix script '/home/rosh/deweeder_ws/install/local_setup.ps1'
[6.847s] INFO:colcon.colcon_core.shell:Creating prefix util module '/home/rosh/deweeder_ws/install/_local_setup_util_ps1.py'
[6.851s] INFO:colcon.colcon_core.shell:Creating prefix chain script '/home/rosh/deweeder_ws/install/setup.ps1'
[6.854s] INFO:colcon.colcon_core.shell:Creating prefix script '/home/rosh/deweeder_ws/install/local_setup.sh'
[6.857s] INFO:colcon.colcon_core.shell:Creating prefix util module '/home/rosh/deweeder_ws/install/_local_setup_util_sh.py'
[6.861s] INFO:colcon.colcon_core.shell:Creating prefix chain script '/home/rosh/deweeder_ws/install/setup.sh'
[6.865s] INFO:colcon.colcon_core.shell:Creating prefix script '/home/rosh/deweeder_ws/install/local_setup.bash'
[6.868s] INFO:colcon.colcon_core.shell:Creating prefix chain script '/home/rosh/deweeder_ws/install/setup.bash'
[6.872s] INFO:colcon.colcon_core.shell:Creating prefix script '/home/rosh/deweeder_ws/install/local_setup.zsh'
[6.876s] INFO:colcon.colcon_core.shell:Creating prefix chain script '/home/rosh/deweeder_ws/install/setup.zsh'
